<?xml version="1.0" encoding="UTF-8"?>
<testng-results ignored="0" total="1" passed="1" failed="0" skipped="0">
  <reporter-output>
  </reporter-output>
  <suite started-at="2025-03-26T00:57:08 CST" name="Surefire suite" finished-at="2025-03-26T00:57:11 CST" duration-ms="3122">
    <groups>
    </groups>
    <test started-at="2025-03-26T00:57:08 CST" name="Surefire test" finished-at="2025-03-26T00:57:11 CST" duration-ms="3122">
      <class name="tests.LoginBusquedaTest">
        <test-method is-config="true" signature="setUpReport()[pri:0, instance:tests.LoginBusquedaTest@bef2d72]" started-at="2025-03-26T00:57:08 CST" name="setUpReport" finished-at="2025-03-26T00:57:08 CST" duration-ms="152" status="PASS">
          <reporter-output>
          </reporter-output>
        </test-method> <!-- setUpReport -->
        <test-method is-config="true" signature="setUp()[pri:0, instance:tests.LoginBusquedaTest@bef2d72]" started-at="2025-03-26T00:57:08 CST" name="setUp" finished-at="2025-03-26T00:57:10 CST" duration-ms="1775" status="PASS">
          <reporter-output>
          </reporter-output>
        </test-method> <!-- setUp -->
        <test-method signature="testLoginAndSearchProduct()[pri:0, instance:tests.LoginBusquedaTest@bef2d72]" started-at="2025-03-26T00:57:10 CST" name="testLoginAndSearchProduct" finished-at="2025-03-26T00:57:11 CST" duration-ms="815" status="PASS">
          <reporter-output>
          </reporter-output>
        </test-method> <!-- testLoginAndSearchProduct -->
        <test-method is-config="true" signature="tearDown()[pri:0, instance:tests.LoginBusquedaTest@bef2d72]" started-at="2025-03-26T00:57:11 CST" name="tearDown" finished-at="2025-03-26T00:57:11 CST" duration-ms="133" status="PASS">
          <reporter-output>
          </reporter-output>
        </test-method> <!-- tearDown -->
        <test-method is-config="true" signature="tearDownReport()[pri:0, instance:tests.LoginBusquedaTest@bef2d72]" started-at="2025-03-26T00:57:11 CST" name="tearDownReport" finished-at="2025-03-26T00:57:11 CST" duration-ms="224" status="PASS">
          <reporter-output>
          </reporter-output>
        </test-method> <!-- tearDownReport -->
      </class> <!-- tests.LoginBusquedaTest -->
    </test> <!-- Surefire test -->
  </suite> <!-- Surefire suite -->
</testng-results>
